<?xml version="1.0" encoding="UTF-8"?>
<!-- Generated by org.testng.reporters.JUnitReportReporter -->
<testsuite ignored="0" hostname="DESKTOP-24CUK9I" failures="0" tests="10" name="api.TestCases.TestBulkPostData" time="16.999" errors="0" timestamp="10 Jun 2024 11:48:11 GMT" skipped="0">
  <testcase classname="api.TestCases.TestBulkPostData" name="validateBulkPost" time="1.313"/>
  <testcase classname="api.TestCases.TestBulkPostData" name="validateBulkPost" time="1.366"/>
  <testcase classname="api.TestCases.TestBulkPostData" name="validateBulkPost" time="1.539"/>
  <testcase classname="api.TestCases.TestBulkPostData" name="validateBulkPost" time="1.529"/>
  <testcase classname="api.TestCases.TestBulkPostData" name="validateBulkPost" time="1.524"/>
  <testcase classname="api.TestCases.TestBulkPostData" name="validateBulkPost" time="1.350"/>
  <testcase classname="api.TestCases.TestBulkPostData" name="validateBulkPost" time="2.492"/>
  <testcase classname="api.TestCases.TestBulkPostData" name="validateBulkPost" time="1.602"/>
  <testcase classname="api.TestCases.TestBulkPostData" name="validateBulkPost" time="1.417"/>
  <testcase classname="api.TestCases.TestBulkPostData" name="validateBulkPost" time="2.867"/>
</testsuite> <!-- api.TestCases.TestBulkPostData -->
