<?xml version="1.0" encoding="UTF-8"?>
<!-- Generated by org.testng.reporters.JUnitReportReporter -->
<testsuite ignored="0" hostname="DESKTOP-24CUK9I" failures="0" tests="1" name="api.TestCases.TestExcel" time="1.506" errors="0" timestamp="10 Jun 2024 08:33:33 GMT" skipped="0">
  <testcase classname="api.TestCases.TestExcel" name="method" time="1.506"/>
</testsuite> <!-- api.TestCases.TestExcel -->
