<?xml version="1.0" encoding="UTF-8"?>
<!-- Generated by org.testng.reporters.JUnitReportReporter -->
<testsuite ignored="0" hostname="DESKTOP-24CUK9I" failures="0" tests="10" name="api.TestCases.TestBulkGetData" time="15.956" errors="0" timestamp="10 Jun 2024 11:48:11 GMT" skipped="0">
  <testcase classname="api.TestCases.TestBulkGetData" name="testBulkGetData" time="1.503"/>
  <testcase classname="api.TestCases.TestBulkGetData" name="testBulkGetData" time="1.437"/>
  <testcase classname="api.TestCases.TestBulkGetData" name="testBulkGetData" time="1.469"/>
  <testcase classname="api.TestCases.TestBulkGetData" name="testBulkGetData" time="2.022"/>
  <testcase classname="api.TestCases.TestBulkGetData" name="testBulkGetData" time="1.635"/>
  <testcase classname="api.TestCases.TestBulkGetData" name="testBulkGetData" time="1.525"/>
  <testcase classname="api.TestCases.TestBulkGetData" name="testBulkGetData" time="1.682"/>
  <testcase classname="api.TestCases.TestBulkGetData" name="testBulkGetData" time="1.506"/>
  <testcase classname="api.TestCases.TestBulkGetData" name="testBulkGetData" time="1.852"/>
  <testcase classname="api.TestCases.TestBulkGetData" name="testBulkGetData" time="1.325"/>
</testsuite> <!-- api.TestCases.TestBulkGetData -->
