<?xml version="1.0" encoding="UTF-8"?>
<!-- Generated by org.testng.reporters.JUnitReportReporter -->
<testsuite ignored="0" hostname="DESKTOP-24CUK9I" failures="0" tests="10" name="api.TestCases.TestBulkPostData" time="14.308" errors="0" timestamp="11 Jun 2024 08:36:52 GMT" skipped="0">
  <testcase classname="api.TestCases.TestBulkPostData" name="validateBulkPost" time="1.454"/>
  <testcase classname="api.TestCases.TestBulkPostData" name="validateBulkPost" time="1.363"/>
  <testcase classname="api.TestCases.TestBulkPostData" name="validateBulkPost" time="1.401"/>
  <testcase classname="api.TestCases.TestBulkPostData" name="validateBulkPost" time="1.321"/>
  <testcase classname="api.TestCases.TestBulkPostData" name="validateBulkPost" time="1.224"/>
  <testcase classname="api.TestCases.TestBulkPostData" name="validateBulkPost" time="1.490"/>
  <testcase classname="api.TestCases.TestBulkPostData" name="validateBulkPost" time="1.535"/>
  <testcase classname="api.TestCases.TestBulkPostData" name="validateBulkPost" time="1.624"/>
  <testcase classname="api.TestCases.TestBulkPostData" name="validateBulkPost" time="1.526"/>
  <testcase classname="api.TestCases.TestBulkPostData" name="validateBulkPost" time="1.370"/>
</testsuite> <!-- api.TestCases.TestBulkPostData -->
